2025-05-18 19:46:36,491 - candidate_recommendation.training - INFO - Starting candidate recommendation model training
2025-05-18 19:46:36,492 - candidate_recommendation.training - INFO - Starting model training with data from ../preprocessing/dataset/career_form_preprocessed
2025-05-18 19:46:36,508 - candidate_recommendation.training - INFO - Data loaded successfully: X shape=(245, 16), target rows=245
2025-05-18 19:46:36,514 - candidate_recommendation.training - INFO - Total NaN values in desired_positions: 1
2025-05-18 19:46:36,522 - candidate_recommendation.training - INFO - Rows after cleaning NaN: 244 (removed 1 rows)
2025-05-18 19:46:36,904 - candidate_recommendation.training - INFO - MLflow run started with ID: 01d4575400754efab0ee83b418357f47
2025-05-18 19:46:36,963 - candidate_recommendation.training - INFO - Data split: train=(196, 16), test=(49, 16)
2025-05-18 19:46:36,963 - candidate_recommendation.training - INFO - Training KMeans with k=2
2025-05-18 19:46:40,785 - candidate_recommendation.training - INFO - K=2, Silhouette Score=0.2348
2025-05-18 19:46:40,785 - candidate_recommendation.training - INFO - Training KMeans with k=3
2025-05-18 19:46:40,857 - candidate_recommendation.training - INFO - K=3, Silhouette Score=0.2372
2025-05-18 19:46:40,858 - candidate_recommendation.training - INFO - Training KMeans with k=4
2025-05-18 19:46:40,930 - candidate_recommendation.training - INFO - K=4, Silhouette Score=0.2485
2025-05-18 19:46:40,931 - candidate_recommendation.training - INFO - Training KMeans with k=5
2025-05-18 19:46:40,994 - candidate_recommendation.training - INFO - K=5, Silhouette Score=0.2751
2025-05-18 19:46:40,995 - candidate_recommendation.training - INFO - Training KMeans with k=6
2025-05-18 19:46:41,077 - candidate_recommendation.training - INFO - K=6, Silhouette Score=0.3033
2025-05-18 19:46:41,077 - candidate_recommendation.training - INFO - Training KMeans with k=7
2025-05-18 19:46:41,155 - candidate_recommendation.training - INFO - K=7, Silhouette Score=0.3200
2025-05-18 19:46:41,155 - candidate_recommendation.training - INFO - Training KMeans with k=8
2025-05-18 19:46:41,240 - candidate_recommendation.training - INFO - K=8, Silhouette Score=0.3421
2025-05-18 19:46:41,240 - candidate_recommendation.training - INFO - Training KMeans with k=9
2025-05-18 19:46:41,326 - candidate_recommendation.training - INFO - K=9, Silhouette Score=0.3646
2025-05-18 19:46:41,327 - candidate_recommendation.training - INFO - Optimal k value: 9
2025-05-18 19:46:41,969 - candidate_recommendation.training - INFO - Training final model with k=9
2025-05-18 19:46:42,028 - candidate_recommendation.training - INFO - Test metrics: {'silhouette_score': np.float64(0.3975112937206874), 'calinski_harabasz_score': np.float64(12.811324416760293), 'davies_bouldin_score': np.float64(1.1128422832712332)}
2025-05-18 19:46:42,302 - candidate_recommendation.training - INFO - Cluster visualization saved to cluster_centers.png
2025-05-18 19:46:42,355 - candidate_recommendation.training - INFO - Creating TF-IDF vectorizer for job positions
2025-05-18 19:46:42,466 - candidate_recommendation.training - INFO - Logging model artifacts to MLflow
2025-05-18 19:46:57,261 - candidate_recommendation.training - INFO - Model training completed successfully
2025-05-18 19:46:57,261 - candidate_recommendation.training - INFO - Model trained with 245 samples and 16 features
2025-05-18 19:46:57,261 - candidate_recommendation.training - INFO - Optimal number of clusters: 9
2025-05-18 19:46:57,261 - candidate_recommendation.training - INFO - Test silhouette score: 0.3975
2025-05-18 19:46:57,312 - candidate_recommendation.training - INFO - Model training completed and logged to MLflow
